<?xml version="1.0" encoding="utf-8"?>
<CoverageSession xmlns:xsd="http://www.w3.org/2001/XMLSchema" xmlns:xsi="http://www.w3.org/2001/XMLSchema-instance" Version="0.0.0.0">
  <Summary numSequencePoints="286" visitedSequencePoints="187" numBranchPoints="0" visitedBranchPoints="0" sequenceCoverage="65.38" branchCoverage="0.0" maxCyclomaticComplexity="0" minCyclomaticComplexity="0" maxCrapScore="0" minCrapScore="0" visitedClasses="17" numClasses="17" visitedMethods="27" numMethods="27" />
  <Modules>
    <Module>
      <Summary numSequencePoints="222" visitedSequencePoints="130" numBranchPoints="0" visitedBranchPoints="0" sequenceCoverage="58.56" branchCoverage="0.0" maxCyclomaticComplexity="0" minCyclomaticComplexity="0" maxCrapScore="0" minCrapScore="0" visitedClasses="12" numClasses="12" visitedMethods="20" numMethods="20" />
      <ModuleTime>0001-01-01T00:00:00</ModuleTime>
      <ModuleName>Game</ModuleName>
      <Files>
        <File uid="1" fullPath="/home/spy/dev/Captain/Assets/Scripts/FoliagePlacer.cs" />
        <File uid="2" fullPath="/home/spy/dev/Captain/Assets/Scripts/GameManager.cs" />
        <File uid="3" fullPath="/home/spy/dev/Captain/Assets/Scripts/Items/ConsumableHealthItem.cs" />
        <File uid="4" fullPath="/home/spy/dev/Captain/Assets/Scripts/Items/Gun.cs" />
        <File uid="5" fullPath="/home/spy/dev/Captain/Assets/Scripts/Items/Item.cs" />
        <File uid="6" fullPath="/home/spy/dev/Captain/Assets/Scripts/Items/Tool.cs" />
        <File uid="7" fullPath="/home/spy/dev/Captain/Assets/Scripts/Mobs/Enemy.cs" />
        <File uid="8" fullPath="/home/spy/dev/Captain/Assets/Scripts/Mobs/EnemyAI.cs" />
        <File uid="9" fullPath="/home/spy/dev/Captain/Assets/Scripts/Mobs/EnemyWallBreaker.cs" />
        <File uid="10" fullPath="/home/spy/dev/Captain/Assets/Scripts/Mobs/Health.cs" />
        <File uid="11" fullPath="/home/spy/dev/Captain/Assets/Scripts/Mobs/enemyspawner.cs" />
        <File uid="12" fullPath="/home/spy/dev/Captain/Assets/Scripts/Player/BulletControll.cs" />
        <File uid="13" fullPath="/home/spy/dev/Captain/Assets/Scripts/Player/FollowPlayer.cs" />
        <File uid="14" fullPath="/home/spy/dev/Captain/Assets/Scripts/Player/InventorySystem.cs" />
        <File uid="15" fullPath="/home/spy/dev/Captain/Assets/Scripts/Player/PlayerController.cs" />
        <File uid="16" fullPath="/home/spy/dev/Captain/Assets/Scripts/Player/PlayerHealth.cs" />
        <File uid="17" fullPath="/home/spy/dev/Captain/Assets/Scripts/Player/PlayerStatus.cs" />
        <File uid="18" fullPath="/home/spy/dev/Captain/Assets/Scripts/Player/testdamage.cd.cs" />
        <File uid="19" fullPath="/home/spy/dev/Captain/Assets/Scripts/Resources/Resource.cs" />
        <File uid="20" fullPath="/home/spy/dev/Captain/Assets/Scripts/YSort.cs" />
      </Files>
      <Classes>
        <Class>
          <Summary numSequencePoints="2" visitedSequencePoints="2" numBranchPoints="0" visitedBranchPoints="0" sequenceCoverage="100.0" branchCoverage="0.0" maxCyclomaticComplexity="0" minCyclomaticComplexity="0" maxCrapScore="0" minCrapScore="0" visitedClasses="1" numClasses="1" visitedMethods="1" numMethods="1" />
          <FullName>FoliageTilemapPlacer</FullName>
          <Methods>
            <Method visited="true" cyclomaticComplexity="0" nPathComplexity="0" sequenceCoverage="100.0" branchCoverage="0" crapScore="0" isConstructor="true" isStatic="false" isGetter="false" isSetter="false">
              <Summary numSequencePoints="2" visitedSequencePoints="2" numBranchPoints="0" visitedBranchPoints="0" sequenceCoverage="100.0" branchCoverage="0" maxCyclomaticComplexity="0" minCyclomaticComplexity="0" maxCrapScore="0" minCrapScore="0" visitedClasses="0" numClasses="0" visitedMethods="1" numMethods="1" />
              <MetadataToken>100663299</MetadataToken>
              <Name>FoliageTilemapPlacer::FoliageTilemapPlacer()</Name>
              <FileRef uid="1" />
              <SequencePoints>
                <SequencePoint vc="2" uspid="34" ordinal="0" offset="0" sl="8" sc="5" el="8" ec="5" bec="0" bev="0" fileid="1" />
                <SequencePoint vc="2" uspid="35" ordinal="0" offset="11" sl="12" sc="5" el="12" ec="5" bec="0" bev="0" fileid="1" />
              </SequencePoints>
              <BranchPoints />
            </Method>
          </Methods>
        </Class>
        <Class>
          <Summary numSequencePoints="2" visitedSequencePoints="2" numBranchPoints="0" visitedBranchPoints="0" sequenceCoverage="100.0" branchCoverage="0.0" maxCyclomaticComplexity="0" minCyclomaticComplexity="0" maxCrapScore="0" minCrapScore="0" visitedClasses="1" numClasses="1" visitedMethods="1" numMethods="1" />
          <FullName>Item</FullName>
          <Methods>
            <Method visited="true" cyclomaticComplexity="0" nPathComplexity="0" sequenceCoverage="100.0" branchCoverage="0" crapScore="0" isConstructor="true" isStatic="false" isGetter="false" isSetter="false">
              <Summary numSequencePoints="2" visitedSequencePoints="2" numBranchPoints="0" visitedBranchPoints="0" sequenceCoverage="100.0" branchCoverage="0" maxCyclomaticComplexity="0" minCyclomaticComplexity="0" maxCrapScore="0" minCrapScore="0" visitedClasses="0" numClasses="0" visitedMethods="1" numMethods="1" />
              <MetadataToken>100663313</MetadataToken>
              <Name>Item::Item()</Name>
              <FileRef uid="5" />
              <SequencePoints>
                <SequencePoint vc="10" uspid="98" ordinal="0" offset="0" sl="16" sc="5" el="16" ec="5" bec="0" bev="0" fileid="5" />
                <SequencePoint vc="10" uspid="99" ordinal="0" offset="11" sl="17" sc="5" el="17" ec="5" bec="0" bev="0" fileid="5" />
              </SequencePoints>
              <BranchPoints />
            </Method>
          </Methods>
        </Class>
        <Class>
          <Summary numSequencePoints="4" visitedSequencePoints="4" numBranchPoints="0" visitedBranchPoints="0" sequenceCoverage="100.0" branchCoverage="0.0" maxCyclomaticComplexity="0" minCyclomaticComplexity="0" maxCrapScore="0" minCrapScore="0" visitedClasses="1" numClasses="1" visitedMethods="1" numMethods="1" />
          <FullName>Tool</FullName>
          <Methods>
            <Method visited="true" cyclomaticComplexity="0" nPathComplexity="0" sequenceCoverage="100.0" branchCoverage="0" crapScore="0" isConstructor="true" isStatic="false" isGetter="false" isSetter="false">
              <Summary numSequencePoints="4" visitedSequencePoints="4" numBranchPoints="0" visitedBranchPoints="0" sequenceCoverage="100.0" branchCoverage="0" maxCyclomaticComplexity="0" minCyclomaticComplexity="0" maxCrapScore="0" minCrapScore="0" visitedClasses="0" numClasses="0" visitedMethods="1" numMethods="1" />
              <MetadataToken>100663320</MetadataToken>
              <Name>Tool::Tool()</Name>
              <FileRef uid="6" />
              <SequencePoints>
                <SequencePoint vc="4" uspid="145" ordinal="0" offset="0" sl="8" sc="5" el="8" ec="5" bec="0" bev="0" fileid="6" />
                <SequencePoint vc="4" uspid="146" ordinal="0" offset="11" sl="9" sc="5" el="9" ec="5" bec="0" bev="0" fileid="6" />
                <SequencePoint vc="4" uspid="147" ordinal="0" offset="22" sl="13" sc="5" el="13" ec="5" bec="0" bev="0" fileid="6" />
                <SequencePoint vc="4" uspid="148" ordinal="0" offset="33" sl="14" sc="5" el="14" ec="5" bec="0" bev="0" fileid="6" />
              </SequencePoints>
              <BranchPoints />
            </Method>
          </Methods>
        </Class>
        <Class>
          <Summary numSequencePoints="8" visitedSequencePoints="8" numBranchPoints="0" visitedBranchPoints="0" sequenceCoverage="100.0" branchCoverage="0.0" maxCyclomaticComplexity="0" minCyclomaticComplexity="0" maxCrapScore="0" minCrapScore="0" visitedClasses="1" numClasses="1" visitedMethods="1" numMethods="1" />
          <FullName>Enemy</FullName>
          <Methods>
            <Method visited="true" cyclomaticComplexity="0" nPathComplexity="0" sequenceCoverage="100.0" branchCoverage="0" crapScore="0" isConstructor="true" isStatic="false" isGetter="false" isSetter="false">
              <Summary numSequencePoints="8" visitedSequencePoints="8" numBranchPoints="0" visitedBranchPoints="0" sequenceCoverage="100.0" branchCoverage="0" maxCyclomaticComplexity="0" minCyclomaticComplexity="0" maxCrapScore="0" minCrapScore="0" visitedClasses="0" numClasses="0" visitedMethods="1" numMethods="1" />
              <MetadataToken>100663328</MetadataToken>
              <Name>Enemy::Enemy()</Name>
              <FileRef uid="7" />
              <SequencePoints>
                <SequencePoint vc="6" uspid="208" ordinal="0" offset="0" sl="7" sc="5" el="7" ec="5" bec="0" bev="0" fileid="7" />
                <SequencePoint vc="6" uspid="209" ordinal="0" offset="7" sl="9" sc="5" el="9" ec="5" bec="0" bev="0" fileid="7" />
                <SequencePoint vc="6" uspid="210" ordinal="0" offset="18" sl="12" sc="5" el="12" ec="5" bec="0" bev="0" fileid="7" />
                <SequencePoint vc="6" uspid="211" ordinal="0" offset="29" sl="14" sc="5" el="14" ec="5" bec="0" bev="0" fileid="7" />
                <SequencePoint vc="6" uspid="212" ordinal="0" offset="40" sl="16" sc="5" el="16" ec="5" bec="0" bev="0" fileid="7" />
                <SequencePoint vc="6" uspid="213" ordinal="0" offset="51" sl="17" sc="5" el="17" ec="5" bec="0" bev="0" fileid="7" />
                <SequencePoint vc="6" uspid="214" ordinal="0" offset="58" sl="22" sc="5" el="22" ec="5" bec="0" bev="0" fileid="7" />
                <SequencePoint vc="6" uspid="215" ordinal="0" offset="69" sl="23" sc="5" el="23" ec="5" bec="0" bev="0" fileid="7" />
              </SequencePoints>
              <BranchPoints />
            </Method>
          </Methods>
        </Class>
        <Class>
          <Summary numSequencePoints="2" visitedSequencePoints="2" numBranchPoints="0" visitedBranchPoints="0" sequenceCoverage="100.0" branchCoverage="0.0" maxCyclomaticComplexity="0" minCyclomaticComplexity="0" maxCrapScore="0" minCrapScore="0" visitedClasses="1" numClasses="1" visitedMethods="1" numMethods="1" />
          <FullName>EnemyWallBreaker</FullName>
          <Methods>
            <Method visited="true" cyclomaticComplexity="0" nPathComplexity="0" sequenceCoverage="100.0" branchCoverage="0" crapScore="0" isConstructor="true" isStatic="false" isGetter="false" isSetter="false">
              <Summary numSequencePoints="2" visitedSequencePoints="2" numBranchPoints="0" visitedBranchPoints="0" sequenceCoverage="100.0" branchCoverage="0" maxCyclomaticComplexity="0" minCyclomaticComplexity="0" maxCrapScore="0" minCrapScore="0" visitedClasses="0" numClasses="0" visitedMethods="1" numMethods="1" />
              <MetadataToken>100663339</MetadataToken>
              <Name>EnemyWallBreaker::EnemyWallBreaker()</Name>
              <FileRef uid="9" />
              <SequencePoints>
                <SequencePoint vc="6" uspid="275" ordinal="0" offset="0" sl="20" sc="5" el="20" ec="5" bec="0" bev="0" fileid="9" />
                <SequencePoint vc="6" uspid="276" ordinal="0" offset="11" sl="24" sc="5" el="24" ec="5" bec="0" bev="0" fileid="9" />
              </SequencePoints>
              <BranchPoints />
            </Method>
          </Methods>
        </Class>
        <Class>
          <Summary numSequencePoints="2" visitedSequencePoints="2" numBranchPoints="0" visitedBranchPoints="0" sequenceCoverage="100.0" branchCoverage="0.0" maxCyclomaticComplexity="0" minCyclomaticComplexity="0" maxCrapScore="0" minCrapScore="0" visitedClasses="1" numClasses="1" visitedMethods="1" numMethods="1" />
          <FullName>FollowPlayer</FullName>
          <Methods>
            <Method visited="true" cyclomaticComplexity="0" nPathComplexity="0" sequenceCoverage="100.0" branchCoverage="0" crapScore="0" isConstructor="true" isStatic="false" isGetter="false" isSetter="false">
              <Summary numSequencePoints="2" visitedSequencePoints="2" numBranchPoints="0" visitedBranchPoints="0" sequenceCoverage="100.0" branchCoverage="0" maxCyclomaticComplexity="0" minCyclomaticComplexity="0" maxCrapScore="0" minCrapScore="0" visitedClasses="0" numClasses="0" visitedMethods="1" numMethods="1" />
              <MetadataToken>100663352</MetadataToken>
              <Name>FollowPlayer::FollowPlayer()</Name>
              <FileRef uid="13" />
              <SequencePoints>
                <SequencePoint vc="1" uspid="339" ordinal="0" offset="0" sl="6" sc="5" el="6" ec="5" bec="0" bev="0" fileid="13" />
                <SequencePoint vc="1" uspid="340" ordinal="0" offset="26" sl="7" sc="5" el="7" ec="5" bec="0" bev="0" fileid="13" />
              </SequencePoints>
              <BranchPoints />
            </Method>
          </Methods>
        </Class>
        <Class>
          <Summary numSequencePoints="89" visitedSequencePoints="40" numBranchPoints="0" visitedBranchPoints="0" sequenceCoverage="44.94" branchCoverage="0.0" maxCyclomaticComplexity="0" minCyclomaticComplexity="0" maxCrapScore="0" minCrapScore="0" visitedClasses="1" numClasses="1" visitedMethods="4" numMethods="4" />
          <FullName>InventorySystem</FullName>
          <Methods>
            <Method visited="true" cyclomaticComplexity="0" nPathComplexity="0" sequenceCoverage="100.0" branchCoverage="0" crapScore="0" isConstructor="false" isStatic="false" isGetter="false" isSetter="false">
              <Summary numSequencePoints="8" visitedSequencePoints="8" numBranchPoints="0" visitedBranchPoints="0" sequenceCoverage="100.0" branchCoverage="0" maxCyclomaticComplexity="0" minCyclomaticComplexity="0" maxCrapScore="0" minCrapScore="0" visitedClasses="0" numClasses="0" visitedMethods="1" numMethods="1" />
              <MetadataToken>100663353</MetadataToken>
              <Name>System.Void InventorySystem::Start()</Name>
              <FileRef uid="14" />
              <SequencePoints>
                <SequencePoint vc="1" uspid="341" ordinal="0" offset="0" sl="20" sc="17" el="20" ec="17" bec="0" bev="0" fileid="14" />
                <SequencePoint vc="1" uspid="342" ordinal="0" offset="1" sl="21" sc="14" el="21" ec="14" bec="0" bev="0" fileid="14" />
                <SequencePoint vc="10" uspid="343" ordinal="0" offset="5" sl="22" sc="9" el="22" ec="9" bec="0" bev="0" fileid="14" />
                <SequencePoint vc="10" uspid="344" ordinal="0" offset="6" sl="23" sc="13" el="23" ec="13" bec="0" bev="0" fileid="14" />
                <SequencePoint vc="10" uspid="345" ordinal="0" offset="19" sl="24" sc="9" el="24" ec="9" bec="0" bev="0" fileid="14" />
                <SequencePoint vc="10" uspid="346" ordinal="0" offset="20" sl="21" sc="44" el="21" ec="44" bec="0" bev="0" fileid="14" />
                <SequencePoint vc="11" uspid="347" ordinal="0" offset="24" sl="21" sc="25" el="21" ec="25" bec="0" bev="0" fileid="14" />
                <SequencePoint vc="1" uspid="348" ordinal="0" offset="39" sl="25" sc="5" el="25" ec="5" bec="0" bev="0" fileid="14" />
              </SequencePoints>
              <BranchPoints />
            </Method>
            <Method visited="true" cyclomaticComplexity="0" nPathComplexity="0" sequenceCoverage="52.38" branchCoverage="0" crapScore="0" isConstructor="false" isStatic="false" isGetter="false" isSetter="false">
              <Summary numSequencePoints="42" visitedSequencePoints="22" numBranchPoints="0" visitedBranchPoints="0" sequenceCoverage="52.38" branchCoverage="0" maxCyclomaticComplexity="0" minCyclomaticComplexity="0" maxCrapScore="0" minCrapScore="0" visitedClasses="0" numClasses="0" visitedMethods="1" numMethods="1" />
              <MetadataToken>100663354</MetadataToken>
              <Name>System.Void InventorySystem::Update()</Name>
              <FileRef uid="14" />
              <SequencePoints>
                <SequencePoint vc="12" uspid="349" ordinal="0" offset="0" sl="28" sc="5" el="28" ec="5" bec="0" bev="0" fileid="14" />
                <SequencePoint vc="12" uspid="350" ordinal="0" offset="1" sl="30" sc="9" el="30" ec="9" bec="0" bev="0" fileid="14" />
                <SequencePoint vc="12" uspid="351" ordinal="0" offset="12" sl="31" sc="9" el="31" ec="9" bec="0" bev="0" fileid="14" />
                <SequencePoint vc="0" uspid="352" ordinal="0" offset="24" sl="32" sc="9" el="32" ec="9" bec="0" bev="0" fileid="14" />
                <SequencePoint vc="0" uspid="353" ordinal="0" offset="25" sl="33" sc="13" el="33" ec="13" bec="0" bev="0" fileid="14" />
                <SequencePoint vc="0" uspid="354" ordinal="0" offset="42" sl="34" sc="9" el="34" ec="9" bec="0" bev="0" fileid="14" />
                <SequencePoint vc="12" uspid="355" ordinal="0" offset="45" sl="35" sc="14" el="35" ec="14" bec="0" bev="0" fileid="14" />
                <SequencePoint vc="0" uspid="356" ordinal="0" offset="57" sl="36" sc="9" el="36" ec="9" bec="0" bev="0" fileid="14" />
                <SequencePoint vc="0" uspid="357" ordinal="0" offset="58" sl="37" sc="13" el="37" ec="13" bec="0" bev="0" fileid="14" />
                <SequencePoint vc="0" uspid="358" ordinal="0" offset="78" sl="38" sc="9" el="38" ec="9" bec="0" bev="0" fileid="14" />
                <SequencePoint vc="12" uspid="359" ordinal="0" offset="79" sl="41" sc="14" el="41" ec="14" bec="0" bev="0" fileid="14" />
                <SequencePoint vc="120" uspid="360" ordinal="0" offset="86" sl="42" sc="9" el="42" ec="9" bec="0" bev="0" fileid="14" />
                <SequencePoint vc="120" uspid="361" ordinal="0" offset="87" sl="43" sc="13" el="43" ec="13" bec="0" bev="0" fileid="14" />
                <SequencePoint vc="0" uspid="362" ordinal="0" offset="105" sl="44" sc="13" el="44" ec="13" bec="0" bev="0" fileid="14" />
                <SequencePoint vc="0" uspid="363" ordinal="0" offset="106" sl="45" sc="17" el="45" ec="17" bec="0" bev="0" fileid="14" />
                <SequencePoint vc="0" uspid="364" ordinal="0" offset="113" sl="46" sc="13" el="46" ec="13" bec="0" bev="0" fileid="14" />
                <SequencePoint vc="120" uspid="365" ordinal="0" offset="114" sl="48" sc="18" el="48" ec="18" bec="0" bev="0" fileid="14" />
                <SequencePoint vc="1200" uspid="366" ordinal="0" offset="122" sl="49" sc="13" el="49" ec="13" bec="0" bev="0" fileid="14" />
                <SequencePoint vc="1200" uspid="367" ordinal="0" offset="123" sl="50" sc="17" el="50" ec="17" bec="0" bev="0" fileid="14" />
                <SequencePoint vc="1200" uspid="368" ordinal="0" offset="124" sl="50" sc="39" el="50" ec="39" bec="0" bev="0" fileid="14" />
                <SequencePoint vc="0" uspid="369" ordinal="0" offset="142" sl="50" sc="26" el="50" ec="26" bec="0" bev="0" fileid="14" />
                <SequencePoint vc="0" uspid="370" ordinal="0" offset="151" sl="51" sc="17" el="51" ec="17" bec="0" bev="0" fileid="14" />
                <SequencePoint vc="0" uspid="371" ordinal="0" offset="152" sl="52" sc="21" el="52" ec="21" bec="0" bev="0" fileid="14" />
                <SequencePoint vc="0" uspid="372" ordinal="0" offset="166" sl="53" sc="25" el="53" ec="25" bec="0" bev="0" fileid="14" />
                <SequencePoint vc="0" uspid="373" ordinal="0" offset="185" sl="54" sc="17" el="54" ec="17" bec="0" bev="0" fileid="14" />
                <SequencePoint vc="1200" uspid="374" ordinal="0" offset="186" sl="50" sc="36" el="50" ec="36" bec="0" bev="0" fileid="14" />
                <SequencePoint vc="1200" uspid="375" ordinal="0" offset="212" sl="57" sc="17" el="57" ec="17" bec="0" bev="0" fileid="14" />
                <SequencePoint vc="0" uspid="376" ordinal="0" offset="248" sl="58" sc="17" el="58" ec="17" bec="0" bev="0" fileid="14" />
                <SequencePoint vc="0" uspid="377" ordinal="0" offset="249" sl="59" sc="21" el="59" ec="21" bec="0" bev="0" fileid="14" />
                <SequencePoint vc="0" uspid="378" ordinal="0" offset="265" sl="60" sc="21" el="60" ec="21" bec="0" bev="0" fileid="14" />
                <SequencePoint vc="0" uspid="379" ordinal="0" offset="279" sl="61" sc="25" el="61" ec="25" bec="0" bev="0" fileid="14" />
                <SequencePoint vc="0" uspid="380" ordinal="0" offset="298" sl="62" sc="17" el="62" ec="17" bec="0" bev="0" fileid="14" />
                <SequencePoint vc="1200" uspid="381" ordinal="0" offset="299" sl="63" sc="13" el="63" ec="13" bec="0" bev="0" fileid="14" />
                <SequencePoint vc="1200" uspid="382" ordinal="0" offset="300" sl="48" sc="48" el="48" ec="48" bec="0" bev="0" fileid="14" />
                <SequencePoint vc="1320" uspid="383" ordinal="0" offset="306" sl="48" sc="29" el="48" ec="29" bec="0" bev="0" fileid="14" />
                <SequencePoint vc="120" uspid="384" ordinal="0" offset="327" sl="66" sc="13" el="66" ec="13" bec="0" bev="0" fileid="14" />
                <SequencePoint vc="0" uspid="385" ordinal="0" offset="360" sl="67" sc="17" el="67" ec="17" bec="0" bev="0" fileid="14" />
                <SequencePoint vc="120" uspid="386" ordinal="0" offset="397" sl="69" sc="9" el="69" ec="9" bec="0" bev="0" fileid="14" />
                <SequencePoint vc="120" uspid="387" ordinal="0" offset="398" sl="41" sc="33" el="41" ec="33" bec="0" bev="0" fileid="14" />
                <SequencePoint vc="132" uspid="388" ordinal="0" offset="402" sl="41" sc="25" el="41" ec="25" bec="0" bev="0" fileid="14" />
                <SequencePoint vc="12" uspid="389" ordinal="0" offset="416" sl="71" sc="9" el="71" ec="9" bec="0" bev="0" fileid="14" />
                <SequencePoint vc="12" uspid="390" ordinal="0" offset="423" sl="72" sc="5" el="72" ec="5" bec="0" bev="0" fileid="14" />
              </SequencePoints>
              <BranchPoints />
            </Method>
            <Method visited="true" cyclomaticComplexity="0" nPathComplexity="0" sequenceCoverage="19.44" branchCoverage="0" crapScore="0" isConstructor="false" isStatic="false" isGetter="false" isSetter="false">
              <Summary numSequencePoints="36" visitedSequencePoints="7" numBranchPoints="0" visitedBranchPoints="0" sequenceCoverage="19.44" branchCoverage="0" maxCyclomaticComplexity="0" minCyclomaticComplexity="0" maxCrapScore="0" minCrapScore="0" visitedClasses="0" numClasses="0" visitedMethods="1" numMethods="1" />
              <MetadataToken>100663358</MetadataToken>
              <Name>System.Void InventorySystem::UpdateUI()</Name>
              <FileRef uid="14" />
              <SequencePoints>
                <SequencePoint vc="12" uspid="440" ordinal="0" offset="0" sl="136" sc="5" el="136" ec="5" bec="0" bev="0" fileid="14" />
                <SequencePoint vc="12" uspid="441" ordinal="0" offset="1" sl="137" sc="14" el="137" ec="14" bec="0" bev="0" fileid="14" />
                <SequencePoint vc="12" uspid="442" ordinal="0" offset="8" sl="137" sc="47" el="137" ec="47" bec="0" bev="0" fileid="14" />
                <SequencePoint vc="12" uspid="443" ordinal="0" offset="9" sl="139" sc="13" el="139" ec="13" bec="0" bev="0" fileid="14" />
                <SequencePoint vc="12" uspid="444" ordinal="0" offset="27" sl="139" sc="34" el="139" ec="34" bec="0" bev="0" fileid="14" />
                <SequencePoint vc="0" uspid="445" ordinal="0" offset="32" sl="141" sc="13" el="141" ec="13" bec="0" bev="0" fileid="14" />
                <SequencePoint vc="0" uspid="446" ordinal="0" offset="46" sl="142" sc="13" el="142" ec="13" bec="0" bev="0" fileid="14" />
                <SequencePoint vc="0" uspid="447" ordinal="0" offset="57" sl="142" sc="34" el="142" ec="34" bec="0" bev="0" fileid="14" />
                <SequencePoint vc="0" uspid="448" ordinal="0" offset="58" sl="143" sc="17" el="143" ec="17" bec="0" bev="0" fileid="14" />
                <SequencePoint vc="0" uspid="449" ordinal="0" offset="87" sl="144" sc="13" el="144" ec="13" bec="0" bev="0" fileid="14" />
                <SequencePoint vc="0" uspid="450" ordinal="0" offset="88" sl="146" sc="13" el="146" ec="13" bec="0" bev="0" fileid="14" />
                <SequencePoint vc="0" uspid="451" ordinal="0" offset="110" sl="147" sc="13" el="147" ec="13" bec="0" bev="0" fileid="14" />
                <SequencePoint vc="0" uspid="452" ordinal="0" offset="111" sl="148" sc="17" el="148" ec="17" bec="0" bev="0" fileid="14" />
                <SequencePoint vc="0" uspid="453" ordinal="0" offset="126" sl="151" sc="17" el="151" ec="17" bec="0" bev="0" fileid="14" />
                <SequencePoint vc="0" uspid="454" ordinal="0" offset="152" sl="154" sc="17" el="154" ec="17" bec="0" bev="0" fileid="14" />
                <SequencePoint vc="0" uspid="455" ordinal="0" offset="178" sl="155" sc="17" el="155" ec="17" bec="0" bev="0" fileid="14" />
                <SequencePoint vc="0" uspid="456" ordinal="0" offset="205" sl="156" sc="17" el="156" ec="17" bec="0" bev="0" fileid="14" />
                <SequencePoint vc="0" uspid="457" ordinal="0" offset="206" sl="157" sc="21" el="157" ec="21" bec="0" bev="0" fileid="14" />
                <SequencePoint vc="0" uspid="458" ordinal="0" offset="216" sl="158" sc="17" el="158" ec="17" bec="0" bev="0" fileid="14" />
                <SequencePoint vc="0" uspid="459" ordinal="0" offset="217" sl="159" sc="13" el="159" ec="13" bec="0" bev="0" fileid="14" />
                <SequencePoint vc="0" uspid="460" ordinal="0" offset="220" sl="161" sc="13" el="161" ec="13" bec="0" bev="0" fileid="14" />
                <SequencePoint vc="0" uspid="461" ordinal="0" offset="221" sl="163" sc="20" el="163" ec="20" bec="0" bev="0" fileid="14" />
                <SequencePoint vc="0" uspid="462" ordinal="0" offset="222" sl="164" sc="21" el="164" ec="21" bec="0" bev="0" fileid="14" />
                <SequencePoint vc="0" uspid="463" ordinal="0" offset="248" sl="165" sc="21" el="165" ec="21" bec="0" bev="0" fileid="14" />
                <SequencePoint vc="0" uspid="464" ordinal="0" offset="278" sl="166" sc="21" el="166" ec="21" bec="0" bev="0" fileid="14" />
                <SequencePoint vc="0" uspid="465" ordinal="0" offset="279" sl="167" sc="25" el="167" ec="25" bec="0" bev="0" fileid="14" />
                <SequencePoint vc="0" uspid="466" ordinal="0" offset="293" sl="168" sc="21" el="168" ec="21" bec="0" bev="0" fileid="14" />
                <SequencePoint vc="0" uspid="467" ordinal="0" offset="294" sl="169" sc="17" el="169" ec="17" bec="0" bev="0" fileid="14" />
                <SequencePoint vc="0" uspid="468" ordinal="0" offset="297" sl="170" sc="17" el="170" ec="17" bec="0" bev="0" fileid="14" />
                <SequencePoint vc="0" uspid="469" ordinal="0" offset="299" sl="170" sc="36" el="170" ec="36" bec="0" bev="0" fileid="14" />
                <SequencePoint vc="0" uspid="470" ordinal="0" offset="300" sl="172" sc="17" el="172" ec="17" bec="0" bev="0" fileid="14" />
                <SequencePoint vc="0" uspid="471" ordinal="0" offset="303" sl="173" sc="13" el="173" ec="13" bec="0" bev="0" fileid="14" />
                <SequencePoint vc="0" uspid="472" ordinal="0" offset="304" sl="175" sc="9" el="175" ec="9" bec="0" bev="0" fileid="14" />
                <SequencePoint vc="0" uspid="473" ordinal="0" offset="305" sl="137" sc="43" el="137" ec="43" bec="0" bev="0" fileid="14" />
                <SequencePoint vc="12" uspid="474" ordinal="0" offset="309" sl="137" sc="25" el="137" ec="25" bec="0" bev="0" fileid="14" />
                <SequencePoint vc="12" uspid="475" ordinal="0" offset="329" sl="176" sc="5" el="176" ec="5" bec="0" bev="0" fileid="14" />
              </SequencePoints>
              <BranchPoints />
            </Method>
            <Method visited="true" cyclomaticComplexity="0" nPathComplexity="0" sequenceCoverage="100.0" branchCoverage="0" crapScore="0" isConstructor="true" isStatic="false" isGetter="false" isSetter="false">
              <Summary numSequencePoints="3" visitedSequencePoints="3" numBranchPoints="0" visitedBranchPoints="0" sequenceCoverage="100.0" branchCoverage="0" maxCyclomaticComplexity="0" minCyclomaticComplexity="0" maxCrapScore="0" minCrapScore="0" visitedClasses="0" numClasses="0" visitedMethods="1" numMethods="1" />
              <MetadataToken>100663361</MetadataToken>
              <Name>InventorySystem::InventorySystem()</Name>
              <FileRef uid="14" />
              <SequencePoints>
                <SequencePoint vc="3" uspid="502" ordinal="0" offset="0" sl="9" sc="5" el="9" ec="5" bec="0" bev="0" fileid="14" />
                <SequencePoint vc="3" uspid="503" ordinal="0" offset="13" sl="10" sc="5" el="10" ec="5" bec="0" bev="0" fileid="14" />
                <SequencePoint vc="3" uspid="504" ordinal="0" offset="26" sl="11" sc="5" el="11" ec="5" bec="0" bev="0" fileid="14" />
              </SequencePoints>
              <BranchPoints />
            </Method>
          </Methods>
        </Class>
        <Class>
          <Summary numSequencePoints="39" visitedSequencePoints="21" numBranchPoints="0" visitedBranchPoints="0" sequenceCoverage="53.85" branchCoverage="0.0" maxCyclomaticComplexity="0" minCyclomaticComplexity="0" maxCrapScore="0" minCrapScore="0" visitedClasses="1" numClasses="1" visitedMethods="3" numMethods="3" />
          <FullName>PlayerController</FullName>
          <Methods>
            <Method visited="true" cyclomaticComplexity="0" nPathComplexity="0" sequenceCoverage="35.00" branchCoverage="0" crapScore="0" isConstructor="false" isStatic="false" isGetter="false" isSetter="false">
              <Summary numSequencePoints="20" visitedSequencePoints="7" numBranchPoints="0" visitedBranchPoints="0" sequenceCoverage="35.00" branchCoverage="0" maxCyclomaticComplexity="0" minCyclomaticComplexity="0" maxCrapScore="0" minCrapScore="0" visitedClasses="0" numClasses="0" visitedMethods="1" numMethods="1" />
              <MetadataToken>100663363</MetadataToken>
              <Name>System.Void PlayerController::Update()</Name>
              <FileRef uid="15" />
              <SequencePoints>
                <SequencePoint vc="12" uspid="505" ordinal="0" offset="0" sl="17" sc="5" el="17" ec="5" bec="0" bev="0" fileid="15" />
                <SequencePoint vc="12" uspid="506" ordinal="0" offset="1" sl="18" sc="9" el="18" ec="9" bec="0" bev="0" fileid="15" />
                <SequencePoint vc="0" uspid="507" ordinal="0" offset="17" sl="18" sc="35" el="18" ec="35" bec="0" bev="0" fileid="15" />
                <SequencePoint vc="12" uspid="508" ordinal="0" offset="22" sl="20" sc="9" el="20" ec="9" bec="0" bev="0" fileid="15" />
                <SequencePoint vc="12" uspid="509" ordinal="0" offset="49" sl="22" sc="9" el="22" ec="9" bec="0" bev="0" fileid="15" />
                <SequencePoint vc="0" uspid="510" ordinal="0" offset="63" sl="22" sc="45" el="22" ec="45" bec="0" bev="0" fileid="15" />
                <SequencePoint vc="0" uspid="511" ordinal="0" offset="64" sl="23" sc="13" el="23" ec="13" bec="0" bev="0" fileid="15" />
                <SequencePoint vc="0" uspid="512" ordinal="0" offset="76" sl="24" sc="13" el="24" ec="13" bec="0" bev="0" fileid="15" />
                <SequencePoint vc="0" uspid="513" ordinal="0" offset="87" sl="25" sc="9" el="25" ec="9" bec="0" bev="0" fileid="15" />
                <SequencePoint vc="12" uspid="514" ordinal="0" offset="88" sl="27" sc="9" el="27" ec="9" bec="0" bev="0" fileid="15" />
                <SequencePoint vc="0" uspid="515" ordinal="0" offset="102" sl="27" sc="24" el="27" ec="24" bec="0" bev="0" fileid="15" />
                <SequencePoint vc="0" uspid="516" ordinal="0" offset="103" sl="29" sc="13" el="29" ec="13" bec="0" bev="0" fileid="15" />
                <SequencePoint vc="0" uspid="517" ordinal="0" offset="119" sl="30" sc="13" el="30" ec="13" bec="0" bev="0" fileid="15" />
                <SequencePoint vc="0" uspid="518" ordinal="0" offset="131" sl="33" sc="13" el="33" ec="13" bec="0" bev="0" fileid="15" />
                <SequencePoint vc="0" uspid="519" ordinal="0" offset="155" sl="36" sc="13" el="36" ec="13" bec="0" bev="0" fileid="15" />
                <SequencePoint vc="0" uspid="520" ordinal="0" offset="182" sl="37" sc="13" el="37" ec="13" bec="0" bev="0" fileid="15" />
                <SequencePoint vc="0" uspid="521" ordinal="0" offset="222" sl="38" sc="9" el="38" ec="9" bec="0" bev="0" fileid="15" />
                <SequencePoint vc="12" uspid="522" ordinal="0" offset="223" sl="41" sc="9" el="41" ec="9" bec="0" bev="0" fileid="15" />
                <SequencePoint vc="0" uspid="523" ordinal="0" offset="236" sl="42" sc="13" el="42" ec="13" bec="0" bev="0" fileid="15" />
                <SequencePoint vc="12" uspid="524" ordinal="0" offset="248" sl="44" sc="5" el="44" ec="5" bec="0" bev="0" fileid="15" />
              </SequencePoints>
              <BranchPoints />
            </Method>
            <Method visited="true" cyclomaticComplexity="0" nPathComplexity="0" sequenceCoverage="68.75" branchCoverage="0" crapScore="0" isConstructor="false" isStatic="false" isGetter="false" isSetter="false">
              <Summary numSequencePoints="16" visitedSequencePoints="11" numBranchPoints="0" visitedBranchPoints="0" sequenceCoverage="68.75" branchCoverage="0" maxCyclomaticComplexity="0" minCyclomaticComplexity="0" maxCrapScore="0" minCrapScore="0" visitedClasses="0" numClasses="0" visitedMethods="1" numMethods="1" />
              <MetadataToken>100663364</MetadataToken>
              <Name>System.Void PlayerController::Move(System.Single, System.Single)</Name>
              <FileRef uid="15" />
              <SequencePoints>
                <SequencePoint vc="13" uspid="525" ordinal="0" offset="0" sl="47" sc="5" el="47" ec="5" bec="0" bev="0" fileid="15" />
                <SequencePoint vc="13" uspid="526" ordinal="0" offset="1" sl="49" sc="9" el="49" ec="9" bec="0" bev="0" fileid="15" />
                <SequencePoint vc="13" uspid="527" ordinal="0" offset="17" sl="50" sc="9" el="50" ec="9" bec="0" bev="0" fileid="15" />
                <SequencePoint vc="13" uspid="528" ordinal="0" offset="56" sl="52" sc="9" el="52" ec="9" bec="0" bev="0" fileid="15" />
                <SequencePoint vc="0" uspid="529" ordinal="0" offset="71" sl="52" sc="21" el="52" ec="21" bec="0" bev="0" fileid="15" />
                <SequencePoint vc="0" uspid="530" ordinal="0" offset="72" sl="53" sc="13" el="53" ec="13" bec="0" bev="0" fileid="15" />
                <SequencePoint vc="0" uspid="531" ordinal="0" offset="90" sl="54" sc="13" el="54" ec="13" bec="0" bev="0" fileid="15" />
                <SequencePoint vc="0" uspid="532" ordinal="0" offset="108" sl="55" sc="13" el="55" ec="13" bec="0" bev="0" fileid="15" />
                <SequencePoint vc="0" uspid="533" ordinal="0" offset="139" sl="56" sc="9" el="56" ec="9" bec="0" bev="0" fileid="15" />
                <SequencePoint vc="13" uspid="534" ordinal="0" offset="140" sl="58" sc="9" el="58" ec="9" bec="0" bev="0" fileid="15" />
                <SequencePoint vc="1" uspid="535" ordinal="0" offset="155" sl="59" sc="9" el="59" ec="9" bec="0" bev="0" fileid="15" />
                <SequencePoint vc="1" uspid="536" ordinal="0" offset="156" sl="60" sc="13" el="60" ec="13" bec="0" bev="0" fileid="15" />
                <SequencePoint vc="1" uspid="537" ordinal="0" offset="169" sl="61" sc="13" el="61" ec="13" bec="0" bev="0" fileid="15" />
                <SequencePoint vc="1" uspid="538" ordinal="0" offset="211" sl="62" sc="13" el="62" ec="13" bec="0" bev="0" fileid="15" />
                <SequencePoint vc="1" uspid="539" ordinal="0" offset="225" sl="63" sc="9" el="63" ec="9" bec="0" bev="0" fileid="15" />
                <SequencePoint vc="13" uspid="540" ordinal="0" offset="226" sl="64" sc="5" el="64" ec="5" bec="0" bev="0" fileid="15" />
              </SequencePoints>
              <BranchPoints />
            </Method>
            <Method visited="true" cyclomaticComplexity="0" nPathComplexity="0" sequenceCoverage="100.0" branchCoverage="0" crapScore="0" isConstructor="true" isStatic="false" isGetter="false" isSetter="false">
              <Summary numSequencePoints="3" visitedSequencePoints="3" numBranchPoints="0" visitedBranchPoints="0" sequenceCoverage="100.0" branchCoverage="0" maxCyclomaticComplexity="0" minCyclomaticComplexity="0" maxCrapScore="0" minCrapScore="0" visitedClasses="0" numClasses="0" visitedMethods="1" numMethods="1" />
              <MetadataToken>100663365</MetadataToken>
              <Name>PlayerController::PlayerController()</Name>
              <FileRef uid="15" />
              <SequencePoints>
                <SequencePoint vc="3" uspid="541" ordinal="0" offset="0" sl="5" sc="5" el="5" ec="5" bec="0" bev="0" fileid="15" />
                <SequencePoint vc="3" uspid="542" ordinal="0" offset="11" sl="7" sc="5" el="7" ec="5" bec="0" bev="0" fileid="15" />
                <SequencePoint vc="3" uspid="543" ordinal="0" offset="22" sl="8" sc="5" el="8" ec="5" bec="0" bev="0" fileid="15" />
              </SequencePoints>
              <BranchPoints />
            </Method>
          </Methods>
        </Class>
        <Class>
          <Summary numSequencePoints="3" visitedSequencePoints="3" numBranchPoints="0" visitedBranchPoints="0" sequenceCoverage="100.0" branchCoverage="0.0" maxCyclomaticComplexity="0" minCyclomaticComplexity="0" maxCrapScore="0" minCrapScore="0" visitedClasses="1" numClasses="1" visitedMethods="1" numMethods="1" />
          <FullName>PlayerHealth</FullName>
          <Methods>
            <Method visited="true" cyclomaticComplexity="0" nPathComplexity="0" sequenceCoverage="100.0" branchCoverage="0" crapScore="0" isConstructor="true" isStatic="false" isGetter="false" isSetter="false">
              <Summary numSequencePoints="3" visitedSequencePoints="3" numBranchPoints="0" visitedBranchPoints="0" sequenceCoverage="100.0" branchCoverage="0" maxCyclomaticComplexity="0" minCyclomaticComplexity="0" maxCrapScore="0" minCrapScore="0" visitedClasses="0" numClasses="0" visitedMethods="1" numMethods="1" />
              <MetadataToken>100663370</MetadataToken>
              <Name>PlayerHealth::PlayerHealth()</Name>
              <FileRef uid="16" />
              <SequencePoints>
                <SequencePoint vc="2" uspid="590" ordinal="0" offset="0" sl="6" sc="5" el="6" ec="5" bec="0" bev="0" fileid="16" />
                <SequencePoint vc="2" uspid="591" ordinal="0" offset="8" sl="10" sc="5" el="10" ec="5" bec="0" bev="0" fileid="16" />
                <SequencePoint vc="2" uspid="592" ordinal="0" offset="19" sl="11" sc="5" el="11" ec="5" bec="0" bev="0" fileid="16" />
              </SequencePoints>
              <BranchPoints />
            </Method>
          </Methods>
        </Class>
        <Class>
          <Summary numSequencePoints="3" visitedSequencePoints="3" numBranchPoints="0" visitedBranchPoints="0" sequenceCoverage="100.0" branchCoverage="0.0" maxCyclomaticComplexity="0" minCyclomaticComplexity="0" maxCrapScore="0" minCrapScore="0" visitedClasses="1" numClasses="1" visitedMethods="1" numMethods="1" />
          <FullName>PlayerStatus</FullName>
          <Methods>
            <Method visited="true" cyclomaticComplexity="0" nPathComplexity="0" sequenceCoverage="100.0" branchCoverage="0" crapScore="0" isConstructor="true" isStatic="false" isGetter="false" isSetter="false">
              <Summary numSequencePoints="3" visitedSequencePoints="3" numBranchPoints="0" visitedBranchPoints="0" sequenceCoverage="100.0" branchCoverage="0" maxCyclomaticComplexity="0" minCyclomaticComplexity="0" maxCrapScore="0" minCrapScore="0" visitedClasses="0" numClasses="0" visitedMethods="1" numMethods="1" />
              <MetadataToken>100663380</MetadataToken>
              <Name>PlayerStatus::PlayerStatus()</Name>
              <FileRef uid="17" />
              <SequencePoints>
                <SequencePoint vc="2" uspid="665" ordinal="0" offset="0" sl="15" sc="5" el="15" ec="5" bec="0" bev="0" fileid="17" />
                <SequencePoint vc="2" uspid="666" ordinal="0" offset="11" sl="16" sc="5" el="16" ec="5" bec="0" bev="0" fileid="17" />
                <SequencePoint vc="2" uspid="667" ordinal="0" offset="22" sl="17" sc="5" el="17" ec="5" bec="0" bev="0" fileid="17" />
              </SequencePoints>
              <BranchPoints />
            </Method>
          </Methods>
        </Class>
        <Class>
          <Summary numSequencePoints="49" visitedSequencePoints="35" numBranchPoints="0" visitedBranchPoints="0" sequenceCoverage="71.43" branchCoverage="0.0" maxCyclomaticComplexity="0" minCyclomaticComplexity="0" maxCrapScore="0" minCrapScore="0" visitedClasses="1" numClasses="1" visitedMethods="3" numMethods="3" />
          <FullName>Resource</FullName>
          <Methods>
            <Method visited="true" cyclomaticComplexity="0" nPathComplexity="0" sequenceCoverage="100.0" branchCoverage="0" crapScore="0" isConstructor="false" isStatic="false" isGetter="false" isSetter="false">
              <Summary numSequencePoints="9" visitedSequencePoints="9" numBranchPoints="0" visitedBranchPoints="0" sequenceCoverage="100.0" branchCoverage="0" maxCyclomaticComplexity="0" minCyclomaticComplexity="0" maxCrapScore="0" minCrapScore="0" visitedClasses="0" numClasses="0" visitedMethods="1" numMethods="1" />
              <MetadataToken>100663383</MetadataToken>
              <Name>System.Void Resource::TakeDamage(System.Single)</Name>
              <FileRef uid="19" />
              <SequencePoints>
                <SequencePoint vc="2" uspid="679" ordinal="0" offset="0" sl="24" sc="41" el="24" ec="41" bec="0" bev="0" fileid="19" />
                <SequencePoint vc="2" uspid="680" ordinal="0" offset="1" sl="25" sc="9" el="25" ec="9" bec="0" bev="0" fileid="19" />
                <SequencePoint vc="2" uspid="681" ordinal="0" offset="15" sl="26" sc="9" el="26" ec="9" bec="0" bev="0" fileid="19" />
                <SequencePoint vc="2" uspid="682" ordinal="0" offset="31" sl="27" sc="13" el="27" ec="13" bec="0" bev="0" fileid="19" />
                <SequencePoint vc="2" uspid="683" ordinal="0" offset="43" sl="28" sc="9" el="28" ec="9" bec="0" bev="0" fileid="19" />
                <SequencePoint vc="2" uspid="684" ordinal="0" offset="63" sl="28" sc="29" el="28" ec="29" bec="0" bev="0" fileid="19" />
                <SequencePoint vc="2" uspid="685" ordinal="0" offset="64" sl="29" sc="13" el="29" ec="13" bec="0" bev="0" fileid="19" />
                <SequencePoint vc="2" uspid="686" ordinal="0" offset="71" sl="30" sc="9" el="30" ec="9" bec="0" bev="0" fileid="19" />
                <SequencePoint vc="2" uspid="687" ordinal="0" offset="72" sl="31" sc="5" el="31" ec="5" bec="0" bev="0" fileid="19" />
              </SequencePoints>
              <BranchPoints />
            </Method>
            <Method visited="true" cyclomaticComplexity="0" nPathComplexity="0" sequenceCoverage="25.00" branchCoverage="0" crapScore="0" isConstructor="false" isStatic="false" isGetter="false" isSetter="false">
              <Summary numSequencePoints="12" visitedSequencePoints="3" numBranchPoints="0" visitedBranchPoints="0" sequenceCoverage="25.00" branchCoverage="0" maxCyclomaticComplexity="0" minCyclomaticComplexity="0" maxCrapScore="0" minCrapScore="0" visitedClasses="0" numClasses="0" visitedMethods="1" numMethods="1" />
              <MetadataToken>100663384</MetadataToken>
              <Name>System.Void Resource::Update()</Name>
              <FileRef uid="19" />
              <SequencePoints>
                <SequencePoint vc="4" uspid="688" ordinal="0" offset="0" sl="32" sc="18" el="32" ec="18" bec="0" bev="0" fileid="19" />
                <SequencePoint vc="4" uspid="689" ordinal="0" offset="1" sl="33" sc="9" el="33" ec="9" bec="0" bev="0" fileid="19" />
                <SequencePoint vc="0" uspid="690" ordinal="0" offset="16" sl="33" sc="24" el="33" ec="24" bec="0" bev="0" fileid="19" />
                <SequencePoint vc="0" uspid="691" ordinal="0" offset="17" sl="34" sc="13" el="34" ec="13" bec="0" bev="0" fileid="19" />
                <SequencePoint vc="0" uspid="692" ordinal="0" offset="35" sl="34" sc="35" el="34" ec="35" bec="0" bev="0" fileid="19" />
                <SequencePoint vc="0" uspid="693" ordinal="0" offset="36" sl="35" sc="17" el="35" ec="17" bec="0" bev="0" fileid="19" />
                <SequencePoint vc="0" uspid="694" ordinal="0" offset="59" sl="36" sc="13" el="36" ec="13" bec="0" bev="0" fileid="19" />
                <SequencePoint vc="0" uspid="695" ordinal="0" offset="62" sl="37" sc="17" el="37" ec="17" bec="0" bev="0" fileid="19" />
                <SequencePoint vc="0" uspid="696" ordinal="0" offset="63" sl="38" sc="17" el="38" ec="17" bec="0" bev="0" fileid="19" />
                <SequencePoint vc="0" uspid="697" ordinal="0" offset="80" sl="39" sc="13" el="39" ec="13" bec="0" bev="0" fileid="19" />
                <SequencePoint vc="0" uspid="698" ordinal="0" offset="81" sl="40" sc="9" el="40" ec="9" bec="0" bev="0" fileid="19" />
                <SequencePoint vc="4" uspid="699" ordinal="0" offset="82" sl="42" sc="5" el="42" ec="5" bec="0" bev="0" fileid="19" />
              </SequencePoints>
              <BranchPoints />
            </Method>
            <Method visited="true" cyclomaticComplexity="0" nPathComplexity="0" sequenceCoverage="82.14" branchCoverage="0" crapScore="0" isConstructor="false" isStatic="false" isGetter="false" isSetter="false">
              <Summary numSequencePoints="28" visitedSequencePoints="23" numBranchPoints="0" visitedBranchPoints="0" sequenceCoverage="82.14" branchCoverage="0" maxCyclomaticComplexity="0" minCyclomaticComplexity="0" maxCrapScore="0" minCrapScore="0" visitedClasses="0" numClasses="0" visitedMethods="1" numMethods="1" />
              <MetadataToken>100663385</MetadataToken>
              <Name>System.Void Resource::Die()</Name>
              <FileRef uid="19" />
              <SequencePoints>
                <SequencePoint vc="2" uspid="700" ordinal="0" offset="0" sl="45" sc="23" el="45" ec="23" bec="0" bev="0" fileid="19" />
                <SequencePoint vc="2" uspid="701" ordinal="0" offset="1" sl="46" sc="13" el="46" ec="13" bec="0" bev="0" fileid="19" />
                <SequencePoint vc="2" uspid="702" ordinal="0" offset="8" sl="46" sc="44" el="46" ec="44" bec="0" bev="0" fileid="19" />
                <SequencePoint vc="2" uspid="703" ordinal="0" offset="9" sl="47" sc="17" el="47" ec="17" bec="0" bev="0" fileid="19" />
                <SequencePoint vc="2" uspid="704" ordinal="0" offset="16" sl="47" sc="54" el="47" ec="54" bec="0" bev="0" fileid="19" />
                <SequencePoint vc="2" uspid="705" ordinal="0" offset="17" sl="49" sc="17" el="49" ec="17" bec="0" bev="0" fileid="19" />
                <SequencePoint vc="2" uspid="706" ordinal="0" offset="23" sl="50" sc="17" el="50" ec="17" bec="0" bev="0" fileid="19" />
                <SequencePoint vc="2" uspid="707" ordinal="0" offset="35" sl="51" sc="17" el="51" ec="17" bec="0" bev="0" fileid="19" />
                <SequencePoint vc="2" uspid="708" ordinal="0" offset="57" sl="51" sc="43" el="51" ec="43" bec="0" bev="0" fileid="19" />
                <SequencePoint vc="2" uspid="709" ordinal="0" offset="58" sl="52" sc="21" el="52" ec="21" bec="0" bev="0" fileid="19" />
                <SequencePoint vc="2" uspid="710" ordinal="0" offset="99" sl="53" sc="21" el="53" ec="21" bec="0" bev="0" fileid="19" />
                <SequencePoint vc="2" uspid="711" ordinal="0" offset="125" sl="54" sc="21" el="54" ec="21" bec="0" bev="0" fileid="19" />
                <SequencePoint vc="2" uspid="712" ordinal="0" offset="140" sl="55" sc="21" el="55" ec="21" bec="0" bev="0" fileid="19" />
                <SequencePoint vc="0" uspid="713" ordinal="0" offset="142" sl="58" sc="13" el="58" ec="13" bec="0" bev="0" fileid="19" />
                <SequencePoint vc="0" uspid="714" ordinal="0" offset="143" sl="47" sc="49" el="47" ec="49" bec="0" bev="0" fileid="19" />
                <SequencePoint vc="2" uspid="715" ordinal="0" offset="147" sl="47" sc="28" el="47" ec="28" bec="0" bev="0" fileid="19" />
                <SequencePoint vc="2" uspid="716" ordinal="0" offset="170" sl="59" sc="9" el="59" ec="9" bec="0" bev="0" fileid="19" />
                <SequencePoint vc="2" uspid="717" ordinal="0" offset="171" sl="46" sc="40" el="46" ec="40" bec="0" bev="0" fileid="19" />
                <SequencePoint vc="4" uspid="718" ordinal="0" offset="175" sl="46" sc="24" el="46" ec="24" bec="0" bev="0" fileid="19" />
                <SequencePoint vc="2" uspid="719" ordinal="0" offset="193" sl="60" sc="9" el="60" ec="9" bec="0" bev="0" fileid="19" />
                <SequencePoint vc="2" uspid="720" ordinal="0" offset="210" sl="60" sc="21" el="60" ec="21" bec="0" bev="0" fileid="19" />
                <SequencePoint vc="2" uspid="721" ordinal="0" offset="211" sl="61" sc="13" el="61" ec="13" bec="0" bev="0" fileid="19" />
                <SequencePoint vc="2" uspid="722" ordinal="0" offset="229" sl="62" sc="13" el="62" ec="13" bec="0" bev="0" fileid="19" />
                <SequencePoint vc="2" uspid="723" ordinal="0" offset="241" sl="63" sc="9" el="63" ec="9" bec="0" bev="0" fileid="19" />
                <SequencePoint vc="0" uspid="724" ordinal="0" offset="244" sl="64" sc="13" el="64" ec="13" bec="0" bev="0" fileid="19" />
                <SequencePoint vc="0" uspid="725" ordinal="0" offset="245" sl="65" sc="13" el="65" ec="13" bec="0" bev="0" fileid="19" />
                <SequencePoint vc="0" uspid="726" ordinal="0" offset="257" sl="66" sc="9" el="66" ec="9" bec="0" bev="0" fileid="19" />
                <SequencePoint vc="2" uspid="727" ordinal="0" offset="258" sl="67" sc="5" el="67" ec="5" bec="0" bev="0" fileid="19" />
              </SequencePoints>
              <BranchPoints />
            </Method>
          </Methods>
        </Class>
        <Class>
          <Summary numSequencePoints="19" visitedSequencePoints="8" numBranchPoints="0" visitedBranchPoints="0" sequenceCoverage="42.11" branchCoverage="0.0" maxCyclomaticComplexity="0" minCyclomaticComplexity="0" maxCrapScore="0" minCrapScore="0" visitedClasses="1" numClasses="1" visitedMethods="2" numMethods="2" />
          <FullName>YSort</FullName>
          <Methods>
            <Method visited="true" cyclomaticComplexity="0" nPathComplexity="0" sequenceCoverage="100.0" branchCoverage="0" crapScore="0" isConstructor="false" isStatic="false" isGetter="false" isSetter="false">
              <Summary numSequencePoints="3" visitedSequencePoints="3" numBranchPoints="0" visitedBranchPoints="0" sequenceCoverage="100.0" branchCoverage="0" maxCyclomaticComplexity="0" minCyclomaticComplexity="0" maxCrapScore="0" minCrapScore="0" visitedClasses="0" numClasses="0" visitedMethods="1" numMethods="1" />
              <MetadataToken>100663387</MetadataToken>
              <Name>System.Void YSort::Awake()</Name>
              <FileRef uid="20" />
              <SequencePoints>
                <SequencePoint vc="2" uspid="728" ordinal="0" offset="0" sl="8" sc="5" el="8" ec="5" bec="0" bev="0" fileid="20" />
                <SequencePoint vc="2" uspid="729" ordinal="0" offset="1" sl="10" sc="9" el="10" ec="9" bec="0" bev="0" fileid="20" />
                <SequencePoint vc="2" uspid="730" ordinal="0" offset="13" sl="11" sc="5" el="11" ec="5" bec="0" bev="0" fileid="20" />
              </SequencePoints>
              <BranchPoints />
            </Method>
            <Method visited="true" cyclomaticComplexity="0" nPathComplexity="0" sequenceCoverage="31.25" branchCoverage="0" crapScore="0" isConstructor="false" isStatic="false" isGetter="false" isSetter="false">
              <Summary numSequencePoints="16" visitedSequencePoints="5" numBranchPoints="0" visitedBranchPoints="0" sequenceCoverage="31.25" branchCoverage="0" maxCyclomaticComplexity="0" minCyclomaticComplexity="0" maxCrapScore="0" minCrapScore="0" visitedClasses="0" numClasses="0" visitedMethods="1" numMethods="1" />
              <MetadataToken>100663388</MetadataToken>
              <Name>System.Void YSort::LateUpdate()</Name>
              <FileRef uid="20" />
              <SequencePoints>
                <SequencePoint vc="4" uspid="731" ordinal="0" offset="0" sl="14" sc="5" el="14" ec="5" bec="0" bev="0" fileid="20" />
                <SequencePoint vc="4" uspid="732" ordinal="0" offset="1" sl="15" sc="9" el="15" ec="9" bec="0" bev="0" fileid="20" />
                <SequencePoint vc="4" uspid="733" ordinal="0" offset="2" sl="15" sc="28" el="15" ec="28" bec="0" bev="0" fileid="20" />
                <SequencePoint vc="0" uspid="734" ordinal="0" offset="13" sl="15" sc="18" el="15" ec="18" bec="0" bev="0" fileid="20" />
                <SequencePoint vc="0" uspid="735" ordinal="0" offset="17" sl="16" sc="9" el="16" ec="9" bec="0" bev="0" fileid="20" />
                <SequencePoint vc="0" uspid="736" ordinal="0" offset="18" sl="17" sc="13" el="17" ec="13" bec="0" bev="0" fileid="20" />
                <SequencePoint vc="0" uspid="737" ordinal="0" offset="29" sl="18" sc="13" el="18" ec="13" bec="0" bev="0" fileid="20" />
                <SequencePoint vc="0" uspid="738" ordinal="0" offset="30" sl="19" sc="5" el="19" ec="5" bec="0" bev="0" fileid="20" />
                <SequencePoint vc="0" uspid="739" ordinal="0" offset="84" sl="20" sc="17" el="20" ec="17" bec="0" bev="0" fileid="20" />
                <SequencePoint vc="0" uspid="740" ordinal="0" offset="85" sl="21" sc="21" el="21" ec="21" bec="0" bev="0" fileid="20" />
                <SequencePoint vc="0" uspid="741" ordinal="0" offset="87" sl="23" sc="17" el="23" ec="17" bec="0" bev="0" fileid="20" />
                <SequencePoint vc="0" uspid="742" ordinal="0" offset="109" sl="24" sc="17" el="24" ec="17" bec="0" bev="0" fileid="20" />
                <SequencePoint vc="0" uspid="743" ordinal="0" offset="130" sl="25" sc="13" el="25" ec="13" bec="0" bev="0" fileid="20" />
                <SequencePoint vc="0" uspid="744" ordinal="0" offset="131" sl="26" sc="9" el="26" ec="9" bec="0" bev="0" fileid="20" />
                <SequencePoint vc="4" uspid="745" ordinal="0" offset="136" sl="15" sc="25" el="15" ec="25" bec="0" bev="0" fileid="20" />
                <SequencePoint vc="4" uspid="746" ordinal="0" offset="145" sl="27" sc="5" el="27" ec="5" bec="0" bev="0" fileid="20" />
              </SequencePoints>
              <BranchPoints />
            </Method>
          </Methods>
        </Class>
      </Classes>
    </Module>
    <Module>
      <Summary numSequencePoints="64" visitedSequencePoints="57" numBranchPoints="0" visitedBranchPoints="0" sequenceCoverage="89.06" branchCoverage="0.0" maxCyclomaticComplexity="0" minCyclomaticComplexity="0" maxCrapScore="0" minCrapScore="0" visitedClasses="5" numClasses="5" visitedMethods="7" numMethods="7" />
      <ModuleTime>0001-01-01T00:00:00</ModuleTime>
      <ModuleName>PlayerMode</ModuleName>
      <Files>
        <File uid="21" fullPath="/home/spy/dev/Captain/Assets/Tests/PlayerMode/PlayerControllerTest.cs" />
        <File uid="22" fullPath="/home/spy/dev/Captain/Assets/Tests/PlayerMode/ResourceTests.cs" />
      </Files>
      <Classes>
        <Class>
          <Summary numSequencePoints="12" visitedSequencePoints="11" numBranchPoints="0" visitedBranchPoints="0" sequenceCoverage="91.67" branchCoverage="0.0" maxCyclomaticComplexity="0" minCyclomaticComplexity="0" maxCrapScore="0" minCrapScore="0" visitedClasses="1" numClasses="1" visitedMethods="2" numMethods="2" />
          <FullName>PlayerControllerTests</FullName>
          <Methods>
            <Method visited="true" cyclomaticComplexity="0" nPathComplexity="0" sequenceCoverage="100.0" branchCoverage="0" crapScore="0" isConstructor="false" isStatic="false" isGetter="false" isSetter="false">
              <Summary numSequencePoints="7" visitedSequencePoints="7" numBranchPoints="0" visitedBranchPoints="0" sequenceCoverage="100.0" branchCoverage="0" maxCyclomaticComplexity="0" minCyclomaticComplexity="0" maxCrapScore="0" minCrapScore="0" visitedClasses="0" numClasses="0" visitedMethods="1" numMethods="1" />
              <MetadataToken>100663297</MetadataToken>
              <Name>System.Void PlayerControllerTests::Setup()</Name>
              <FileRef uid="21" />
              <SequencePoints>
                <SequencePoint vc="1" uspid="798" ordinal="0" offset="0" sl="14" sc="5" el="14" ec="5" bec="0" bev="0" fileid="21" />
                <SequencePoint vc="1" uspid="799" ordinal="0" offset="1" sl="15" sc="9" el="15" ec="9" bec="0" bev="0" fileid="21" />
                <SequencePoint vc="1" uspid="800" ordinal="0" offset="17" sl="16" sc="9" el="16" ec="9" bec="0" bev="0" fileid="21" />
                <SequencePoint vc="1" uspid="801" ordinal="0" offset="34" sl="17" sc="9" el="17" ec="9" bec="0" bev="0" fileid="21" />
                <SequencePoint vc="1" uspid="802" ordinal="0" offset="51" sl="19" sc="9" el="19" ec="9" bec="0" bev="0" fileid="21" />
                <SequencePoint vc="1" uspid="803" ordinal="0" offset="68" sl="20" sc="9" el="20" ec="9" bec="0" bev="0" fileid="21" />
                <SequencePoint vc="1" uspid="804" ordinal="0" offset="84" sl="21" sc="5" el="21" ec="5" bec="0" bev="0" fileid="21" />
              </SequencePoints>
              <BranchPoints />
            </Method>
            <Method visited="true" cyclomaticComplexity="0" nPathComplexity="0" sequenceCoverage="80.00" branchCoverage="0" crapScore="0" isConstructor="false" isStatic="false" isGetter="false" isSetter="false">
              <Summary numSequencePoints="5" visitedSequencePoints="4" numBranchPoints="0" visitedBranchPoints="0" sequenceCoverage="80.00" branchCoverage="0" maxCyclomaticComplexity="0" minCyclomaticComplexity="0" maxCrapScore="0" minCrapScore="0" visitedClasses="0" numClasses="0" visitedMethods="1" numMethods="1" />
              <MetadataToken>100663299</MetadataToken>
              <Name>System.Void PlayerControllerTests::Teardown()</Name>
              <FileRef uid="21" />
              <SequencePoints>
                <SequencePoint vc="1" uspid="805" ordinal="0" offset="0" sl="42" sc="5" el="42" ec="5" bec="0" bev="0" fileid="21" />
                <SequencePoint vc="1" uspid="806" ordinal="0" offset="1" sl="43" sc="9" el="43" ec="9" bec="0" bev="0" fileid="21" />
                <SequencePoint vc="1" uspid="807" ordinal="0" offset="10" sl="44" sc="13" el="44" ec="13" bec="0" bev="0" fileid="21" />
                <SequencePoint vc="0" uspid="808" ordinal="0" offset="24" sl="46" sc="13" el="46" ec="13" bec="0" bev="0" fileid="21" />
                <SequencePoint vc="1" uspid="809" ordinal="0" offset="36" sl="47" sc="5" el="47" ec="5" bec="0" bev="0" fileid="21" />
              </SequencePoints>
              <BranchPoints />
            </Method>
          </Methods>
        </Class>
        <Class>
          <Summary numSequencePoints="31" visitedSequencePoints="25" numBranchPoints="0" visitedBranchPoints="0" sequenceCoverage="80.65" branchCoverage="0.0" maxCyclomaticComplexity="0" minCyclomaticComplexity="0" maxCrapScore="0" minCrapScore="0" visitedClasses="1" numClasses="1" visitedMethods="2" numMethods="2" />
          <FullName>ResourceTests</FullName>
          <Methods>
            <Method visited="true" cyclomaticComplexity="0" nPathComplexity="0" sequenceCoverage="100.0" branchCoverage="0" crapScore="0" isConstructor="false" isStatic="false" isGetter="false" isSetter="false">
              <Summary numSequencePoints="11" visitedSequencePoints="11" numBranchPoints="0" visitedBranchPoints="0" sequenceCoverage="100.0" branchCoverage="0" maxCyclomaticComplexity="0" minCyclomaticComplexity="0" maxCrapScore="0" minCrapScore="0" visitedClasses="0" numClasses="0" visitedMethods="1" numMethods="1" />
              <MetadataToken>100663301</MetadataToken>
              <Name>System.Void ResourceTests::Setup()</Name>
              <FileRef uid="22" />
              <SequencePoints>
                <SequencePoint vc="2" uspid="810" ordinal="0" offset="0" sl="13" sc="5" el="13" ec="5" bec="0" bev="0" fileid="22" />
                <SequencePoint vc="2" uspid="811" ordinal="0" offset="1" sl="14" sc="9" el="14" ec="9" bec="0" bev="0" fileid="22" />
                <SequencePoint vc="2" uspid="812" ordinal="0" offset="17" sl="15" sc="9" el="15" ec="9" bec="0" bev="0" fileid="22" />
                <SequencePoint vc="2" uspid="813" ordinal="0" offset="34" sl="18" sc="9" el="18" ec="9" bec="0" bev="0" fileid="22" />
                <SequencePoint vc="2" uspid="814" ordinal="0" offset="50" sl="19" sc="9" el="19" ec="9" bec="0" bev="0" fileid="22" />
                <SequencePoint vc="2" uspid="815" ordinal="0" offset="62" sl="20" sc="9" el="20" ec="9" bec="0" bev="0" fileid="22" />
                <SequencePoint vc="2" uspid="816" ordinal="0" offset="95" sl="21" sc="9" el="21" ec="9" bec="0" bev="0" fileid="22" />
                <SequencePoint vc="2" uspid="817" ordinal="0" offset="123" sl="23" sc="9" el="23" ec="9" bec="0" bev="0" fileid="22" />
                <SequencePoint vc="2" uspid="818" ordinal="0" offset="146" sl="24" sc="9" el="24" ec="9" bec="0" bev="0" fileid="22" />
                <SequencePoint vc="2" uspid="819" ordinal="0" offset="168" sl="25" sc="9" el="25" ec="9" bec="0" bev="0" fileid="22" />
                <SequencePoint vc="2" uspid="820" ordinal="0" offset="190" sl="26" sc="5" el="26" ec="5" bec="0" bev="0" fileid="22" />
              </SequencePoints>
              <BranchPoints />
            </Method>
            <Method visited="true" cyclomaticComplexity="0" nPathComplexity="0" sequenceCoverage="70.00" branchCoverage="0" crapScore="0" isConstructor="false" isStatic="false" isGetter="false" isSetter="false">
              <Summary numSequencePoints="20" visitedSequencePoints="14" numBranchPoints="0" visitedBranchPoints="0" sequenceCoverage="70.00" branchCoverage="0" maxCyclomaticComplexity="0" minCyclomaticComplexity="0" maxCrapScore="0" minCrapScore="0" visitedClasses="0" numClasses="0" visitedMethods="1" numMethods="1" />
              <MetadataToken>100663304</MetadataToken>
              <Name>System.Void ResourceTests::Teardown()</Name>
              <FileRef uid="22" />
              <SequencePoints>
                <SequencePoint vc="2" uspid="821" ordinal="0" offset="0" sl="57" sc="5" el="57" ec="5" bec="0" bev="0" fileid="22" />
                <SequencePoint vc="2" uspid="822" ordinal="0" offset="1" sl="58" sc="9" el="58" ec="9" bec="0" bev="0" fileid="22" />
                <SequencePoint vc="0" uspid="823" ordinal="0" offset="16" sl="59" sc="9" el="59" ec="9" bec="0" bev="0" fileid="22" />
                <SequencePoint vc="0" uspid="824" ordinal="0" offset="17" sl="60" sc="13" el="60" ec="13" bec="0" bev="0" fileid="22" />
                <SequencePoint vc="0" uspid="825" ordinal="0" offset="26" sl="61" sc="17" el="61" ec="17" bec="0" bev="0" fileid="22" />
                <SequencePoint vc="0" uspid="826" ordinal="0" offset="40" sl="63" sc="17" el="63" ec="17" bec="0" bev="0" fileid="22" />
                <SequencePoint vc="0" uspid="827" ordinal="0" offset="52" sl="64" sc="9" el="64" ec="9" bec="0" bev="0" fileid="22" />
                <SequencePoint vc="2" uspid="828" ordinal="0" offset="53" sl="66" sc="9" el="66" ec="9" bec="0" bev="0" fileid="22" />
                <SequencePoint vc="2" uspid="829" ordinal="0" offset="54" sl="66" sc="30" el="66" ec="30" bec="0" bev="0" fileid="22" />
                <SequencePoint vc="6" uspid="830" ordinal="0" offset="64" sl="66" sc="18" el="66" ec="18" bec="0" bev="0" fileid="22" />
                <SequencePoint vc="6" uspid="831" ordinal="0" offset="69" sl="67" sc="9" el="67" ec="9" bec="0" bev="0" fileid="22" />
                <SequencePoint vc="6" uspid="832" ordinal="0" offset="70" sl="68" sc="13" el="68" ec="13" bec="0" bev="0" fileid="22" />
                <SequencePoint vc="4" uspid="833" ordinal="0" offset="93" sl="69" sc="13" el="69" ec="13" bec="0" bev="0" fileid="22" />
                <SequencePoint vc="4" uspid="834" ordinal="0" offset="94" sl="70" sc="17" el="70" ec="17" bec="0" bev="0" fileid="22" />
                <SequencePoint vc="4" uspid="835" ordinal="0" offset="105" sl="71" sc="21" el="71" ec="21" bec="0" bev="0" fileid="22" />
                <SequencePoint vc="0" uspid="836" ordinal="0" offset="115" sl="73" sc="21" el="73" ec="21" bec="0" bev="0" fileid="22" />
                <SequencePoint vc="4" uspid="837" ordinal="0" offset="123" sl="74" sc="13" el="74" ec="13" bec="0" bev="0" fileid="22" />
                <SequencePoint vc="6" uspid="838" ordinal="0" offset="124" sl="75" sc="9" el="75" ec="9" bec="0" bev="0" fileid="22" />
                <SequencePoint vc="8" uspid="839" ordinal="0" offset="129" sl="66" sc="27" el="66" ec="27" bec="0" bev="0" fileid="22" />
                <SequencePoint vc="2" uspid="840" ordinal="0" offset="135" sl="76" sc="5" el="76" ec="5" bec="0" bev="0" fileid="22" />
              </SequencePoints>
              <BranchPoints />
            </Method>
          </Methods>
        </Class>
        <Class>
          <Summary numSequencePoints="7" visitedSequencePoints="7" numBranchPoints="0" visitedBranchPoints="0" sequenceCoverage="100.0" branchCoverage="0.0" maxCyclomaticComplexity="0" minCyclomaticComplexity="0" maxCrapScore="0" minCrapScore="0" visitedClasses="1" numClasses="1" visitedMethods="1" numMethods="1" />
          <FullName>PlayerControllerTests/&lt;TakeDamage_KillsResource_WhenHealthDepletes&gt;d__4</FullName>
          <Methods>
            <Method visited="true" cyclomaticComplexity="0" nPathComplexity="0" sequenceCoverage="100.0" branchCoverage="0" crapScore="0" isConstructor="false" isStatic="false" isGetter="false" isSetter="false">
              <Summary numSequencePoints="7" visitedSequencePoints="7" numBranchPoints="0" visitedBranchPoints="0" sequenceCoverage="100.0" branchCoverage="0" maxCyclomaticComplexity="0" minCyclomaticComplexity="0" maxCrapScore="0" minCrapScore="0" visitedClasses="0" numClasses="0" visitedMethods="1" numMethods="1" />
              <MetadataToken>100663310</MetadataToken>
              <Name>System.Boolean PlayerControllerTests/&lt;TakeDamage_KillsResource_WhenHealthDepletes&gt;d__4::MoveNext()</Name>
              <FileRef uid="21" />
              <SequencePoints>
                <SequencePoint vc="1" uspid="841" ordinal="0" offset="45" sl="25" sc="5" el="25" ec="5" bec="0" bev="0" fileid="21" />
                <SequencePoint vc="1" uspid="842" ordinal="0" offset="46" sl="27" sc="9" el="27" ec="9" bec="0" bev="0" fileid="21" />
                <SequencePoint vc="1" uspid="843" ordinal="0" offset="73" sl="30" sc="9" el="30" ec="9" bec="0" bev="0" fileid="21" />
                <SequencePoint vc="1" uspid="844" ordinal="0" offset="100" sl="33" sc="9" el="33" ec="9" bec="0" bev="0" fileid="21" />
                <SequencePoint vc="1" uspid="845" ordinal="0" offset="132" sl="36" sc="9" el="36" ec="9" bec="0" bev="0" fileid="21" />
                <SequencePoint vc="1" uspid="846" ordinal="0" offset="185" sl="37" sc="9" el="37" ec="9" bec="0" bev="0" fileid="21" />
                <SequencePoint vc="1" uspid="847" ordinal="0" offset="208" sl="38" sc="5" el="38" ec="5" bec="0" bev="0" fileid="21" />
              </SequencePoints>
              <BranchPoints />
            </Method>
          </Methods>
        </Class>
        <Class>
          <Summary numSequencePoints="8" visitedSequencePoints="8" numBranchPoints="0" visitedBranchPoints="0" sequenceCoverage="100.0" branchCoverage="0.0" maxCyclomaticComplexity="0" minCyclomaticComplexity="0" maxCrapScore="0" minCrapScore="0" visitedClasses="1" numClasses="1" visitedMethods="1" numMethods="1" />
          <FullName>ResourceTests/&lt;DropItems_SpawnsOnDeath&gt;d__4</FullName>
          <Methods>
            <Method visited="true" cyclomaticComplexity="0" nPathComplexity="0" sequenceCoverage="100.0" branchCoverage="0" crapScore="0" isConstructor="false" isStatic="false" isGetter="false" isSetter="false">
              <Summary numSequencePoints="8" visitedSequencePoints="8" numBranchPoints="0" visitedBranchPoints="0" sequenceCoverage="100.0" branchCoverage="0" maxCyclomaticComplexity="0" minCyclomaticComplexity="0" maxCrapScore="0" minCrapScore="0" visitedClasses="0" numClasses="0" visitedMethods="1" numMethods="1" />
              <MetadataToken>100663316</MetadataToken>
              <Name>System.Boolean ResourceTests/&lt;DropItems_SpawnsOnDeath&gt;d__4::MoveNext()</Name>
              <FileRef uid="22" />
              <SequencePoints>
                <SequencePoint vc="1" uspid="848" ordinal="0" offset="42" sl="44" sc="5" el="44" ec="5" bec="0" bev="0" fileid="22" />
                <SequencePoint vc="1" uspid="849" ordinal="0" offset="43" sl="45" sc="9" el="45" ec="9" bec="0" bev="0" fileid="22" />
                <SequencePoint vc="1" uspid="850" ordinal="0" offset="56" sl="47" sc="9" el="47" ec="9" bec="0" bev="0" fileid="22" />
                <SequencePoint vc="1" uspid="851" ordinal="0" offset="78" sl="48" sc="9" el="48" ec="9" bec="0" bev="0" fileid="22" />
                <SequencePoint vc="1" uspid="852" ordinal="0" offset="101" sl="50" sc="9" el="50" ec="9" bec="0" bev="0" fileid="22" />
                <SequencePoint vc="1" uspid="853" ordinal="0" offset="114" sl="51" sc="9" el="51" ec="9" bec="0" bev="0" fileid="22" />
                <SequencePoint vc="1" uspid="854" ordinal="0" offset="132" sl="52" sc="9" el="52" ec="9" bec="0" bev="0" fileid="22" />
                <SequencePoint vc="1" uspid="855" ordinal="0" offset="155" sl="53" sc="5" el="53" ec="5" bec="0" bev="0" fileid="22" />
              </SequencePoints>
              <BranchPoints />
            </Method>
          </Methods>
        </Class>
        <Class>
          <Summary numSequencePoints="6" visitedSequencePoints="6" numBranchPoints="0" visitedBranchPoints="0" sequenceCoverage="100.0" branchCoverage="0.0" maxCyclomaticComplexity="0" minCyclomaticComplexity="0" maxCrapScore="0" minCrapScore="0" visitedClasses="1" numClasses="1" visitedMethods="1" numMethods="1" />
          <FullName>ResourceTests/&lt;TakeDamage_KillsResource_WhenHealthDepletes&gt;d__3</FullName>
          <Methods>
            <Method visited="true" cyclomaticComplexity="0" nPathComplexity="0" sequenceCoverage="100.0" branchCoverage="0" crapScore="0" isConstructor="false" isStatic="false" isGetter="false" isSetter="false">
              <Summary numSequencePoints="6" visitedSequencePoints="6" numBranchPoints="0" visitedBranchPoints="0" sequenceCoverage="100.0" branchCoverage="0" maxCyclomaticComplexity="0" minCyclomaticComplexity="0" maxCrapScore="0" minCrapScore="0" visitedClasses="0" numClasses="0" visitedMethods="1" numMethods="1" />
              <MetadataToken>100663322</MetadataToken>
              <Name>System.Boolean ResourceTests/&lt;TakeDamage_KillsResource_WhenHealthDepletes&gt;d__3::MoveNext()</Name>
              <FileRef uid="22" />
              <SequencePoints>
                <SequencePoint vc="1" uspid="856" ordinal="0" offset="42" sl="30" sc="5" el="30" ec="5" bec="0" bev="0" fileid="22" />
                <SequencePoint vc="1" uspid="857" ordinal="0" offset="43" sl="32" sc="9" el="32" ec="9" bec="0" bev="0" fileid="22" />
                <SequencePoint vc="1" uspid="858" ordinal="0" offset="65" sl="35" sc="9" el="35" ec="9" bec="0" bev="0" fileid="22" />
                <SequencePoint vc="1" uspid="859" ordinal="0" offset="97" sl="38" sc="9" el="38" ec="9" bec="0" bev="0" fileid="22" />
                <SequencePoint vc="1" uspid="860" ordinal="0" offset="142" sl="39" sc="9" el="39" ec="9" bec="0" bev="0" fileid="22" />
                <SequencePoint vc="1" uspid="861" ordinal="0" offset="165" sl="40" sc="5" el="40" ec="5" bec="0" bev="0" fileid="22" />
              </SequencePoints>
              <BranchPoints />
            </Method>
          </Methods>
        </Class>
      </Classes>
    </Module>
  </Modules>
</CoverageSession>